Reion redshift       =  11.089
Om_b h^2             =  0.022062
Om_c h^2             =  0.118729
Om_nu h^2            =  0.002161
Om_Lambda            =  0.682500
Om_K                 =  0.000000
Om_m (1-Om_K-Om_L)   =  0.317500
100 theta (CosmoMC)  =  1.043339
N_eff (total)        =  3.046000
 1 nu, g= 1.0153 m_nu*c^2/k_B/T_nu0=   1194.42 (m_nu=  0.201 eV)
Reion opt depth      =  0.0900
Age of universe/GYr  =  13.822
zstar                =  1090.03
r_s(zstar)/Mpc       =  144.95
100*theta            =  1.043751
DA(zstar)/Gpc        =  13.88747
zdrag                =  1058.98
r_s(zdrag)/Mpc       =  147.72
k_D(zstar) Mpc       =  0.1402
100*theta_D          =  0.161334
z_EQ (if v_nu=1)     =  3364.45
k_EQ Mpc (if v_nu=1) =  0.010271
100*theta_EQ         =  0.821480
100*theta_rs_EQ      =  0.453955
tau_recomb/Mpc       =  281.21  tau_now/Mpc =  14168.6
at z = 50.000 sigma8 (all matter) =  0.0206
at z = 46.068 sigma8 (all matter) =  0.0222
at z = 42.438 sigma8 (all matter) =  0.0241
at z = 39.089 sigma8 (all matter) =  0.0260
at z = 35.998 sigma8 (all matter) =  0.0282
at z = 33.145 sigma8 (all matter) =  0.0305
at z = 30.512 sigma8 (all matter) =  0.0330
at z = 28.082 sigma8 (all matter) =  0.0357
at z = 25.840 sigma8 (all matter) =  0.0387
at z = 23.771 sigma8 (all matter) =  0.0419
at z = 21.861 sigma8 (all matter) =  0.0453
at z = 20.098 sigma8 (all matter) =  0.0491
at z = 18.471 sigma8 (all matter) =  0.0531
at z = 16.970 sigma8 (all matter) =  0.0575
at z = 15.584 sigma8 (all matter) =  0.0623
at z = 14.305 sigma8 (all matter) =  0.0674
at z = 13.125 sigma8 (all matter) =  0.0730
at z = 12.036 sigma8 (all matter) =  0.0790
at z = 11.031 sigma8 (all matter) =  0.0855
at z = 10.103 sigma8 (all matter) =  0.0926
at z =  9.247 sigma8 (all matter) =  0.1002
at z =  8.457 sigma8 (all matter) =  0.1085
at z =  7.728 sigma8 (all matter) =  0.1175
at z =  7.055 sigma8 (all matter) =  0.1272
at z =  6.434 sigma8 (all matter) =  0.1377
at z =  5.861 sigma8 (all matter) =  0.1490
at z =  5.332 sigma8 (all matter) =  0.1613
at z =  4.843 sigma8 (all matter) =  0.1746
at z =  4.393 sigma8 (all matter) =  0.1890
at z =  3.977 sigma8 (all matter) =  0.2045
at z =  3.593 sigma8 (all matter) =  0.2213
at z =  3.239 sigma8 (all matter) =  0.2393
at z =  2.912 sigma8 (all matter) =  0.2588
at z =  2.611 sigma8 (all matter) =  0.2797
at z =  2.332 sigma8 (all matter) =  0.3023
at z =  2.075 sigma8 (all matter) =  0.3265
at z =  1.838 sigma8 (all matter) =  0.3524
at z =  1.619 sigma8 (all matter) =  0.3800
at z =  1.417 sigma8 (all matter) =  0.4093
at z =  1.231 sigma8 (all matter) =  0.4403
at z =  1.059 sigma8 (all matter) =  0.4729
at z =  0.900 sigma8 (all matter) =  0.5071
at z =  0.754 sigma8 (all matter) =  0.5424
at z =  0.618 sigma8 (all matter) =  0.5791
at z =  0.494 sigma8 (all matter) =  0.6160
at z =  0.378 sigma8 (all matter) =  0.6538
at z =  0.272 sigma8 (all matter) =  0.6911
at z =  0.174 sigma8 (all matter) =  0.7279
at z =  0.084 sigma8 (all matter) =  0.7635
at z =  0.000 sigma8 (all matter) =  0.7982
at z = 50.000 sigma8^2_vd/sigma8  =  0.0205
at z = 46.068 sigma8^2_vd/sigma8  =  0.0222
at z = 42.438 sigma8^2_vd/sigma8  =  0.0241
at z = 39.089 sigma8^2_vd/sigma8  =  0.0261
at z = 35.998 sigma8^2_vd/sigma8  =  0.0282
at z = 33.145 sigma8^2_vd/sigma8  =  0.0306
at z = 30.512 sigma8^2_vd/sigma8  =  0.0331
at z = 28.082 sigma8^2_vd/sigma8  =  0.0358
at z = 25.840 sigma8^2_vd/sigma8  =  0.0388
at z = 23.771 sigma8^2_vd/sigma8  =  0.0420
at z = 21.861 sigma8^2_vd/sigma8  =  0.0454
at z = 20.098 sigma8^2_vd/sigma8  =  0.0492
at z = 18.471 sigma8^2_vd/sigma8  =  0.0533
at z = 16.970 sigma8^2_vd/sigma8  =  0.0577
at z = 15.584 sigma8^2_vd/sigma8  =  0.0624
at z = 14.305 sigma8^2_vd/sigma8  =  0.0676
at z = 13.125 sigma8^2_vd/sigma8  =  0.0732
at z = 12.036 sigma8^2_vd/sigma8  =  0.0792
at z = 11.031 sigma8^2_vd/sigma8  =  0.0858
at z = 10.103 sigma8^2_vd/sigma8  =  0.0929
at z =  9.247 sigma8^2_vd/sigma8  =  0.1005
at z =  8.457 sigma8^2_vd/sigma8  =  0.1088
at z =  7.728 sigma8^2_vd/sigma8  =  0.1178
at z =  7.055 sigma8^2_vd/sigma8  =  0.1274
at z =  6.434 sigma8^2_vd/sigma8  =  0.1379
at z =  5.861 sigma8^2_vd/sigma8  =  0.1491
at z =  5.332 sigma8^2_vd/sigma8  =  0.1613
at z =  4.843 sigma8^2_vd/sigma8  =  0.1744
at z =  4.393 sigma8^2_vd/sigma8  =  0.1884
at z =  3.977 sigma8^2_vd/sigma8  =  0.2035
at z =  3.593 sigma8^2_vd/sigma8  =  0.2196
at z =  3.239 sigma8^2_vd/sigma8  =  0.2368
at z =  2.912 sigma8^2_vd/sigma8  =  0.2550
at z =  2.611 sigma8^2_vd/sigma8  =  0.2742
at z =  2.332 sigma8^2_vd/sigma8  =  0.2945
at z =  2.075 sigma8^2_vd/sigma8  =  0.3155
at z =  1.838 sigma8^2_vd/sigma8  =  0.3370
at z =  1.619 sigma8^2_vd/sigma8  =  0.3588
at z =  1.417 sigma8^2_vd/sigma8  =  0.3805
at z =  1.231 sigma8^2_vd/sigma8  =  0.4015
at z =  1.059 sigma8^2_vd/sigma8  =  0.4211
at z =  0.900 sigma8^2_vd/sigma8  =  0.4387
at z =  0.754 sigma8^2_vd/sigma8  =  0.4534
at z =  0.618 sigma8^2_vd/sigma8  =  0.4644
at z =  0.494 sigma8^2_vd/sigma8  =  0.4708
at z =  0.378 sigma8^2_vd/sigma8  =  0.4721
at z =  0.272 sigma8^2_vd/sigma8  =  0.4680
at z =  0.174 sigma8^2_vd/sigma8  =  0.4584
at z =  0.084 sigma8^2_vd/sigma8  =  0.4438
at z =  0.000 sigma8^2_vd/sigma8  =  0.4243
