Reion redshift       =  10.408
Om_b h^2             =  0.024500
Om_c h^2             =  0.122500
Om_nu h^2            =  0.000000
Om_Lambda            =  0.700000
Om_K                 =  0.000000
Om_m (1-Om_K-Om_L)   =  0.300000
100 theta (CosmoMC)  =  1.044469
Reion opt depth      =  0.0900
Age of universe/GYr  =  13.461
zstar                =  1087.42
r_s(zstar)/Mpc       =  142.22
100*theta            =  1.044545
DA(zstar)/Gpc        =  13.61532
zdrag                =  1064.66
r_s(zdrag)/Mpc       =  144.17
k_D(zstar) Mpc       =  0.1458
100*theta_D          =  0.158298
z_EQ (if v_nu=1)     =  3512.88
k_EQ Mpc (if v_nu=1) =  0.010721
100*theta_EQ         =  0.802592
100*theta_rs_EQ      =  0.442366
tau_recomb/Mpc       =  278.65  tau_now/Mpc =  13894.0
at z = 50.000 sigma8 (all matter) =  0.0221
at z = 46.068 sigma8 (all matter) =  0.0240
at z = 42.438 sigma8 (all matter) =  0.0260
at z = 39.089 sigma8 (all matter) =  0.0281
at z = 35.998 sigma8 (all matter) =  0.0304
at z = 33.145 sigma8 (all matter) =  0.0330
at z = 30.512 sigma8 (all matter) =  0.0357
at z = 28.082 sigma8 (all matter) =  0.0387
at z = 25.840 sigma8 (all matter) =  0.0419
at z = 23.771 sigma8 (all matter) =  0.0453
at z = 21.861 sigma8 (all matter) =  0.0491
at z = 20.098 sigma8 (all matter) =  0.0532
at z = 18.471 sigma8 (all matter) =  0.0576
at z = 16.970 sigma8 (all matter) =  0.0624
at z = 15.584 sigma8 (all matter) =  0.0676
at z = 14.305 sigma8 (all matter) =  0.0733
at z = 13.125 sigma8 (all matter) =  0.0794
at z = 12.036 sigma8 (all matter) =  0.0860
at z = 11.031 sigma8 (all matter) =  0.0931
at z = 10.103 sigma8 (all matter) =  0.1009
at z =  9.247 sigma8 (all matter) =  0.1093
at z =  8.457 sigma8 (all matter) =  0.1184
at z =  7.728 sigma8 (all matter) =  0.1282
at z =  7.055 sigma8 (all matter) =  0.1389
at z =  6.434 sigma8 (all matter) =  0.1505
at z =  5.861 sigma8 (all matter) =  0.1630
at z =  5.332 sigma8 (all matter) =  0.1765
at z =  4.843 sigma8 (all matter) =  0.1912
at z =  4.393 sigma8 (all matter) =  0.2070
at z =  3.977 sigma8 (all matter) =  0.2241
at z =  3.593 sigma8 (all matter) =  0.2426
at z =  3.239 sigma8 (all matter) =  0.2625
at z =  2.912 sigma8 (all matter) =  0.2840
at z =  2.611 sigma8 (all matter) =  0.3071
at z =  2.332 sigma8 (all matter) =  0.3320
at z =  2.075 sigma8 (all matter) =  0.3587
at z =  1.838 sigma8 (all matter) =  0.3872
at z =  1.619 sigma8 (all matter) =  0.4176
at z =  1.417 sigma8 (all matter) =  0.4499
at z =  1.231 sigma8 (all matter) =  0.4839
at z =  1.059 sigma8 (all matter) =  0.5197
at z =  0.900 sigma8 (all matter) =  0.5571
at z =  0.754 sigma8 (all matter) =  0.5957
at z =  0.618 sigma8 (all matter) =  0.6356
at z =  0.494 sigma8 (all matter) =  0.6756
at z =  0.378 sigma8 (all matter) =  0.7165
at z =  0.272 sigma8 (all matter) =  0.7566
at z =  0.174 sigma8 (all matter) =  0.7961
at z =  0.084 sigma8 (all matter) =  0.8343
at z =  0.000 sigma8 (all matter) =  0.8712
at z = 50.000 sigma8^2_vd/sigma8  =  0.0220
at z = 46.068 sigma8^2_vd/sigma8  =  0.0238
at z = 42.438 sigma8^2_vd/sigma8  =  0.0258
at z = 39.089 sigma8^2_vd/sigma8  =  0.0279
at z = 35.998 sigma8^2_vd/sigma8  =  0.0303
at z = 33.145 sigma8^2_vd/sigma8  =  0.0328
at z = 30.512 sigma8^2_vd/sigma8  =  0.0355
at z = 28.082 sigma8^2_vd/sigma8  =  0.0385
at z = 25.840 sigma8^2_vd/sigma8  =  0.0417
at z = 23.771 sigma8^2_vd/sigma8  =  0.0452
at z = 21.861 sigma8^2_vd/sigma8  =  0.0489
at z = 20.098 sigma8^2_vd/sigma8  =  0.0530
at z = 18.471 sigma8^2_vd/sigma8  =  0.0574
at z = 16.970 sigma8^2_vd/sigma8  =  0.0622
at z = 15.584 sigma8^2_vd/sigma8  =  0.0674
at z = 14.305 sigma8^2_vd/sigma8  =  0.0730
at z = 13.125 sigma8^2_vd/sigma8  =  0.0791
at z = 12.036 sigma8^2_vd/sigma8  =  0.0857
at z = 11.031 sigma8^2_vd/sigma8  =  0.0929
at z = 10.103 sigma8^2_vd/sigma8  =  0.1006
at z =  9.247 sigma8^2_vd/sigma8  =  0.1090
at z =  8.457 sigma8^2_vd/sigma8  =  0.1180
at z =  7.728 sigma8^2_vd/sigma8  =  0.1278
at z =  7.055 sigma8^2_vd/sigma8  =  0.1384
at z =  6.434 sigma8^2_vd/sigma8  =  0.1498
at z =  5.861 sigma8^2_vd/sigma8  =  0.1621
at z =  5.332 sigma8^2_vd/sigma8  =  0.1754
at z =  4.843 sigma8^2_vd/sigma8  =  0.1898
at z =  4.393 sigma8^2_vd/sigma8  =  0.2051
at z =  3.977 sigma8^2_vd/sigma8  =  0.2216
at z =  3.593 sigma8^2_vd/sigma8  =  0.2393
at z =  3.239 sigma8^2_vd/sigma8  =  0.2580
at z =  2.912 sigma8^2_vd/sigma8  =  0.2780
at z =  2.611 sigma8^2_vd/sigma8  =  0.2989
at z =  2.332 sigma8^2_vd/sigma8  =  0.3209
at z =  2.075 sigma8^2_vd/sigma8  =  0.3437
at z =  1.838 sigma8^2_vd/sigma8  =  0.3670
at z =  1.619 sigma8^2_vd/sigma8  =  0.3905
at z =  1.417 sigma8^2_vd/sigma8  =  0.4136
at z =  1.231 sigma8^2_vd/sigma8  =  0.4358
at z =  1.059 sigma8^2_vd/sigma8  =  0.4564
at z =  0.900 sigma8^2_vd/sigma8  =  0.4745
at z =  0.754 sigma8^2_vd/sigma8  =  0.4891
at z =  0.618 sigma8^2_vd/sigma8  =  0.4995
at z =  0.494 sigma8^2_vd/sigma8  =  0.5047
at z =  0.378 sigma8^2_vd/sigma8  =  0.5044
at z =  0.272 sigma8^2_vd/sigma8  =  0.4982
at z =  0.174 sigma8^2_vd/sigma8  =  0.4862
at z =  0.084 sigma8^2_vd/sigma8  =  0.4689
at z =  0.000 sigma8^2_vd/sigma8  =  0.4467
