Reion redshift       =  11.089
Om_b h^2             =  0.022062
Om_c h^2             =  0.114451
Om_nu h^2            =  0.006438
Om_Lambda            =  0.682500
Om_K                 =  0.000000
Om_m (1-Om_K-Om_L)   =  0.317500
100 theta (CosmoMC)  =  1.048039
N_eff (total)        =  3.046000
 1 nu, g= 1.0153 m_nu*c^2/k_B/T_nu0=   3558.38 (m_nu=  0.599 eV)
Reion opt depth      =  0.0900
Age of universe/GYr  =  13.822
zstar                =  1089.90
r_s(zstar)/Mpc       =  145.63
100*theta            =  1.048537
DA(zstar)/Gpc        =  13.88901
zdrag                =  1058.90
r_s(zdrag)/Mpc       =  148.41
k_D(zstar) Mpc       =  0.1397
100*theta_D          =  0.161913
z_EQ (if v_nu=1)     =  3262.20
k_EQ Mpc (if v_nu=1) =  0.009982
100*theta_EQ         =  0.846408
100*theta_rs_EQ      =  0.467141
tau_recomb/Mpc       =  282.59  tau_now/Mpc =  14171.5
at z = 50.000 sigma8 (all matter) =  0.0189
at z = 46.068 sigma8 (all matter) =  0.0204
at z = 42.438 sigma8 (all matter) =  0.0220
at z = 39.089 sigma8 (all matter) =  0.0238
at z = 35.998 sigma8 (all matter) =  0.0258
at z = 33.145 sigma8 (all matter) =  0.0279
at z = 30.512 sigma8 (all matter) =  0.0301
at z = 28.082 sigma8 (all matter) =  0.0326
at z = 25.840 sigma8 (all matter) =  0.0352
at z = 23.771 sigma8 (all matter) =  0.0381
at z = 21.861 sigma8 (all matter) =  0.0412
at z = 20.098 sigma8 (all matter) =  0.0445
at z = 18.471 sigma8 (all matter) =  0.0482
at z = 16.970 sigma8 (all matter) =  0.0521
at z = 15.584 sigma8 (all matter) =  0.0564
at z = 14.305 sigma8 (all matter) =  0.0610
at z = 13.125 sigma8 (all matter) =  0.0660
at z = 12.036 sigma8 (all matter) =  0.0714
at z = 11.031 sigma8 (all matter) =  0.0772
at z = 10.103 sigma8 (all matter) =  0.0835
at z =  9.247 sigma8 (all matter) =  0.0903
at z =  8.457 sigma8 (all matter) =  0.0977
at z =  7.728 sigma8 (all matter) =  0.1057
at z =  7.055 sigma8 (all matter) =  0.1144
at z =  6.434 sigma8 (all matter) =  0.1238
at z =  5.861 sigma8 (all matter) =  0.1339
at z =  5.332 sigma8 (all matter) =  0.1448
at z =  4.843 sigma8 (all matter) =  0.1567
at z =  4.393 sigma8 (all matter) =  0.1695
at z =  3.977 sigma8 (all matter) =  0.1833
at z =  3.593 sigma8 (all matter) =  0.1983
at z =  3.239 sigma8 (all matter) =  0.2143
at z =  2.912 sigma8 (all matter) =  0.2317
at z =  2.611 sigma8 (all matter) =  0.2503
at z =  2.332 sigma8 (all matter) =  0.2704
at z =  2.075 sigma8 (all matter) =  0.2920
at z =  1.838 sigma8 (all matter) =  0.3150
at z =  1.619 sigma8 (all matter) =  0.3395
at z =  1.417 sigma8 (all matter) =  0.3656
at z =  1.231 sigma8 (all matter) =  0.3932
at z =  1.059 sigma8 (all matter) =  0.4222
at z =  0.900 sigma8 (all matter) =  0.4526
at z =  0.754 sigma8 (all matter) =  0.4840
at z =  0.618 sigma8 (all matter) =  0.5166
at z =  0.494 sigma8 (all matter) =  0.5495
at z =  0.378 sigma8 (all matter) =  0.5830
at z =  0.272 sigma8 (all matter) =  0.6162
at z =  0.174 sigma8 (all matter) =  0.6489
at z =  0.084 sigma8 (all matter) =  0.6806
at z =  0.000 sigma8 (all matter) =  0.7115
at z = 50.000 sigma8^2_vd/sigma8  =  0.0190
at z = 46.068 sigma8^2_vd/sigma8  =  0.0206
at z = 42.438 sigma8^2_vd/sigma8  =  0.0223
at z = 39.089 sigma8^2_vd/sigma8  =  0.0241
at z = 35.998 sigma8^2_vd/sigma8  =  0.0260
at z = 33.145 sigma8^2_vd/sigma8  =  0.0282
at z = 30.512 sigma8^2_vd/sigma8  =  0.0304
at z = 28.082 sigma8^2_vd/sigma8  =  0.0329
at z = 25.840 sigma8^2_vd/sigma8  =  0.0356
at z = 23.771 sigma8^2_vd/sigma8  =  0.0385
at z = 21.861 sigma8^2_vd/sigma8  =  0.0416
at z = 20.098 sigma8^2_vd/sigma8  =  0.0450
at z = 18.471 sigma8^2_vd/sigma8  =  0.0487
at z = 16.970 sigma8^2_vd/sigma8  =  0.0527
at z = 15.584 sigma8^2_vd/sigma8  =  0.0570
at z = 14.305 sigma8^2_vd/sigma8  =  0.0617
at z = 13.125 sigma8^2_vd/sigma8  =  0.0667
at z = 12.036 sigma8^2_vd/sigma8  =  0.0721
at z = 11.031 sigma8^2_vd/sigma8  =  0.0780
at z = 10.103 sigma8^2_vd/sigma8  =  0.0844
at z =  9.247 sigma8^2_vd/sigma8  =  0.0913
at z =  8.457 sigma8^2_vd/sigma8  =  0.0987
at z =  7.728 sigma8^2_vd/sigma8  =  0.1067
at z =  7.055 sigma8^2_vd/sigma8  =  0.1154
at z =  6.434 sigma8^2_vd/sigma8  =  0.1247
at z =  5.861 sigma8^2_vd/sigma8  =  0.1348
at z =  5.332 sigma8^2_vd/sigma8  =  0.1457
at z =  4.843 sigma8^2_vd/sigma8  =  0.1574
at z =  4.393 sigma8^2_vd/sigma8  =  0.1700
at z =  3.977 sigma8^2_vd/sigma8  =  0.1834
at z =  3.593 sigma8^2_vd/sigma8  =  0.1979
at z =  3.239 sigma8^2_vd/sigma8  =  0.2132
at z =  2.912 sigma8^2_vd/sigma8  =  0.2295
at z =  2.611 sigma8^2_vd/sigma8  =  0.2466
at z =  2.332 sigma8^2_vd/sigma8  =  0.2647
at z =  2.075 sigma8^2_vd/sigma8  =  0.2834
at z =  1.838 sigma8^2_vd/sigma8  =  0.3026
at z =  1.619 sigma8^2_vd/sigma8  =  0.3220
at z =  1.417 sigma8^2_vd/sigma8  =  0.3413
at z =  1.231 sigma8^2_vd/sigma8  =  0.3599
at z =  1.059 sigma8^2_vd/sigma8  =  0.3774
at z =  0.900 sigma8^2_vd/sigma8  =  0.3930
at z =  0.754 sigma8^2_vd/sigma8  =  0.4060
at z =  0.618 sigma8^2_vd/sigma8  =  0.4157
at z =  0.494 sigma8^2_vd/sigma8  =  0.4213
at z =  0.378 sigma8^2_vd/sigma8  =  0.4223
at z =  0.272 sigma8^2_vd/sigma8  =  0.4186
at z =  0.174 sigma8^2_vd/sigma8  =  0.4099
at z =  0.084 sigma8^2_vd/sigma8  =  0.3967
at z =  0.000 sigma8^2_vd/sigma8  =  0.3792
